\BOOKMARK [1][-]{section.1}{Introduction}{}% 1
\BOOKMARK [2][-]{subsection.1.1}{Motivation}{section.1}% 2
\BOOKMARK [2][-]{subsection.1.2}{Objective of a Master's thesis}{section.1}% 3
\BOOKMARK [1][-]{section.2}{Concepts of Energy Harvesting}{}% 4
\BOOKMARK [2][-]{subsection.2.1}{Piezoelectric materials}{section.2}% 5
\BOOKMARK [3][-]{subsubsection.2.1.1}{Mathematical description of the piezoelectric effect}{subsection.2.1}% 6
\BOOKMARK [3][-]{subsubsection.2.1.2}{Most popular piezoelectric materials for harvesting applications}{subsection.2.1}% 7
\BOOKMARK [3][-]{subsubsection.2.1.3}{Properties of piezoelectric materials}{subsection.2.1}% 8
\BOOKMARK [2][-]{subsection.2.2}{Sources of kinetic energy}{section.2}% 9
\BOOKMARK [2][-]{subsection.2.3}{Piezoelectric beam selected for the project}{section.2}% 10
\BOOKMARK [2][-]{subsection.2.4}{Efficiency and power density}{section.2}% 11
\BOOKMARK [2][-]{subsection.2.5}{Clamping}{section.2}% 12
\BOOKMARK [2][-]{subsection.2.6}{Tip mass}{section.2}% 13
\BOOKMARK [2][-]{subsection.2.7}{Piezo beam resonance conditions}{section.2}% 14
\BOOKMARK [2][-]{subsection.2.8}{The overview of the test setup for the project}{section.2}% 15
\BOOKMARK [1][-]{section.3}{Measurement setup design}{}% 16
\BOOKMARK [2][-]{subsection.3.1}{Design requirements}{section.3}% 17
\BOOKMARK [2][-]{subsection.3.2}{Accelerometer board}{section.3}% 18
\BOOKMARK [3][-]{subsubsection.3.2.1}{Most important parameters of the accelerometer}{subsection.3.2}% 19
\BOOKMARK [3][-]{subsubsection.3.2.2}{Selection of the integrated circuit}{subsection.3.2}% 20
\BOOKMARK [3][-]{subsubsection.3.2.3}{Accelerometer board design}{subsection.3.2}% 21
\BOOKMARK [2][-]{subsection.3.3}{Data acquisition board design}{section.3}% 22
\BOOKMARK [3][-]{subsubsection.3.3.1}{AC channel section}{subsection.3.3}% 23
\BOOKMARK [4][-]{paragraph.3.3.1.1}{Input protection}{subsubsection.3.3.1}% 24
\BOOKMARK [4][-]{paragraph.3.3.1.2}{Buffering}{subsubsection.3.3.1}% 25
\BOOKMARK [4][-]{paragraph.3.3.1.3}{Signal conditioning}{subsubsection.3.3.1}% 26
\BOOKMARK [3][-]{subsubsection.3.3.2}{DC channels section}{subsection.3.3}% 27
\BOOKMARK [4][-]{paragraph.3.3.2.1}{Input protection}{subsubsection.3.3.2}% 28
\BOOKMARK [4][-]{paragraph.3.3.2.2}{Bufering}{subsubsection.3.3.2}% 29
\BOOKMARK [4][-]{paragraph.3.3.2.3}{Signal Conditioning}{subsubsection.3.3.2}% 30
\BOOKMARK [3][-]{subsubsection.3.3.3}{Anti-aliasing filter}{subsection.3.3}% 31
\BOOKMARK [3][-]{subsubsection.3.3.4}{Voltage reference}{subsection.3.3}% 32
\BOOKMARK [3][-]{subsubsection.3.3.5}{Microprocessor selection}{subsection.3.3}% 33
\BOOKMARK [4][-]{paragraph.3.3.5.1}{Architecture}{subsubsection.3.3.5}% 34
\BOOKMARK [4][-]{paragraph.3.3.5.2}{ADC}{subsubsection.3.3.5}% 35
\BOOKMARK [4][-]{paragraph.3.3.5.3}{External voltage reference}{subsubsection.3.3.5}% 36
\BOOKMARK [4][-]{paragraph.3.3.5.4}{User interface}{subsubsection.3.3.5}% 37
\BOOKMARK [4][-]{paragraph.3.3.5.5}{Connectivity}{subsubsection.3.3.5}% 38
\BOOKMARK [1][-]{section.4}{Energy harvester system prototype}{}% 39
\BOOKMARK [2][-]{subsection.4.1}{Design requirements}{section.4}% 40
\BOOKMARK [2][-]{subsection.4.2}{List of different load circuits}{section.4}% 41
\BOOKMARK [2][-]{subsection.4.3}{Selected integrated circuits for energy harvesting management}{section.4}% 42
\BOOKMARK [2][-]{subsection.4.4}{Energy harvesting integrated circuits}{section.4}% 43
\BOOKMARK [3][-]{subsubsection.4.4.1}{Nanopower Energy Harvesting Power Supply - LTC3588-1}{subsection.4.4}% 44
\BOOKMARK [4][-]{paragraph.4.4.1.1}{Component selection and circuit design}{subsubsection.4.4.1}% 45
\BOOKMARK [3][-]{subsubsection.4.4.2}{Nanopower Energy Harvesting Power Supply - LTC3331}{subsection.4.4}% 46
\BOOKMARK [4][-]{paragraph.4.4.2.1}{Component selection and circuit design}{subsubsection.4.4.2}% 47
\BOOKMARK [3][-]{subsubsection.4.4.3}{Ultralow Power Energy Harvester PMU - ADP5091}{subsection.4.4}% 48
\BOOKMARK [4][-]{paragraph.4.4.3.1}{Component selection and circuit design}{subsubsection.4.4.3}% 49
\BOOKMARK [3][-]{subsubsection.4.4.4}{Energy-Harvesting Charger and Protector - MAX17710}{subsection.4.4}% 50
\BOOKMARK [4][-]{paragraph.4.4.4.1}{Component selection and circuit design}{subsubsection.4.4.4}% 51
\BOOKMARK [2][-]{subsection.4.5}{Selection of load circuits}{section.4}% 52
\BOOKMARK [3][-]{subsubsection.4.5.1}{Utilizing storage components as the non-linear load}{subsection.4.5}% 53
\BOOKMARK [2][-]{subsection.4.6}{Microprocessor node as the active load}{section.4}% 54
\BOOKMARK [1][-]{section.5}{Hardware assembly, testing and calibration}{}% 55
\BOOKMARK [2][-]{subsection.5.1}{Hardware assembly results}{section.5}% 56
\BOOKMARK [2][-]{subsection.5.2}{Board testing}{section.5}% 57
\BOOKMARK [2][-]{subsection.5.3}{Calibration}{section.5}% 58
\BOOKMARK [1][-]{section.6}{Laboratory tests and result analysis}{}% 59
\BOOKMARK [2][-]{subsection.6.1}{Experiment description}{section.6}% 60
\BOOKMARK [2][-]{subsection.6.2}{The measurement setup}{section.6}% 61
\BOOKMARK [2][-]{subsection.6.3}{Assumptions}{section.6}% 62
\BOOKMARK [2][-]{subsection.6.4}{Expected results of the experiment}{section.6}% 63
\BOOKMARK [2][-]{subsection.6.5}{Exemplary results presented in time domain}{section.6}% 64
\BOOKMARK [2][-]{subsection.6.6}{Signal conditioning applied to the accelerometer data}{section.6}% 65
\BOOKMARK [2][-]{subsection.6.7}{Derivation of most important parameters}{section.6}% 66
\BOOKMARK [2][-]{subsection.6.8}{Results for particular energy harvesters}{section.6}% 67
\BOOKMARK [2][-]{subsection.6.9}{Conclusion related to measurement results}{section.6}% 68
\BOOKMARK [1][-]{section.7}{Summary and conclusions}{}% 69
\BOOKMARK [1][-]{section*.79}{Appendices}{}% 70
\BOOKMARK [1][-]{Appendix.1.A}{Octave code for sample analysis and signal conditioning}{}% 71
\BOOKMARK [1][-]{Appendix.1.B}{Harvester board schematics}{}% 72
\BOOKMARK [1][-]{Appendix.1.C}{Data acquisition board schematics}{}% 73
\BOOKMARK [1][-]{Appendix.1.D}{Accelerometer board schematics}{}% 74
